{"name": "test_select_params", "status": "failed", "statusDetails": {"message": "AssertionError: assert 3 == 0\n +  where 3 = len([(2396, True, datetime.datetime(2024, 5, 24, 11, 58, 5, 838108, tzinfo=datetime.timezone.utc), datetime.datetime(2024,...one.utc), 'svetlana', 'voroshilova', 'aleksandrovna', '865423175266', None, datetime.date(2024, 5, 6), 'string', 3489)])", "trace": "def test_select_params():\n        db = create_engine(db_connection_string)\n        sql_statement = text(\"select * from employee where \\\"last_name\\\" = :last_name and \\\"company_id\\\" >= :company_id\")\n        params = {\n            'last_name': 'voroshilova',\n            'company_id': 2986\n        }\n        rows = db.execute(sql_statement, params).fetchall()\n    \n>       assert len(rows) == 0\nE       AssertionError: assert 3 == 0\nE        +  where 3 = len([(2396, True, datetime.datetime(2024, 5, 24, 11, 58, 5, 838108, tzinfo=datetime.timezone.utc), datetime.datetime(2024,...one.utc), 'svetlana', 'voroshilova', 'aleksandrovna', '865423175266', None, datetime.date(2024, 5, 6), 'string', 3489)])\n\nLesson_9\\database_test.py:61: AssertionError"}, "start": 1716551997784, "stop": 1716552005854, "uuid": "8c33feac-b014-4bcd-9db1-698f7ce4bf0e", "historyId": "5bd04215c3bab281883bf8bf6ac356d3", "testCaseId": "5bd04215c3bab281883bf8bf6ac356d3", "fullName": "Lesson_9.database_test#test_select_params", "labels": [{"name": "parentSuite", "value": "Lesson_9"}, {"name": "suite", "value": "database_test"}, {"name": "host", "value": "DESKTOP-UVLT28S"}, {"name": "thread", "value": "113076-MainThread"}, {"name": "framework", "value": "pytest"}, {"name": "language", "value": "cpython3"}, {"name": "package", "value": "Lesson_9.database_test"}]}