{"name": "test_select_employees", "status": "failed", "statusDetails": {"message": "AssertionError: assert 2535 == 2082", "trace": "def test_select_employees():\n        db = create_engine(db_connection_string)\n        rows = db.execute(\"select * from employee\").fetchall()\n        row1 = rows[0]\n    \n>       assert row1['id'] == 2082\nE       assert 2535 == 2082\n\nLesson_9\\database_test.py:43: AssertionError"}, "start": 1716720489266, "stop": 1716720493449, "uuid": "e4998ff7-71c6-4207-8aa3-ec0c5b36ca5d", "historyId": "7deef748c1363d93df6f148db3728ad2", "testCaseId": "7deef748c1363d93df6f148db3728ad2", "fullName": "Lesson_9.database_test#test_select_employees", "labels": [{"name": "parentSuite", "value": "Lesson_9"}, {"name": "suite", "value": "database_test"}, {"name": "host", "value": "DESKTOP-UVLT28S"}, {"name": "thread", "value": "47092-MainThread"}, {"name": "framework", "value": "pytest"}, {"name": "language", "value": "cpython3"}, {"name": "package", "value": "Lesson_9.database_test"}]}