{"name": "test_select_employees", "status": "failed", "statusDetails": {"message": "AssertionError: assert 2535 == 2082", "trace": "def test_select_employees():\n        db = create_engine(db_connection_string)\n        rows = db.execute(\"select * from employee\").fetchall()\n        row1 = rows[0]\n    \n>       assert row1['id'] == 2082\nE       assert 2535 == 2082\n\ndatabase_test.py:43: AssertionError"}, "start": 1716723175077, "stop": 1716723179025, "uuid": "c118f4f6-3d2f-4306-a5e3-9f5342af72bd", "historyId": "7deef748c1363d93df6f148db3728ad2", "testCaseId": "7deef748c1363d93df6f148db3728ad2", "fullName": "Lesson_9.database_test#test_select_employees", "labels": [{"name": "parentSuite", "value": "Lesson_9"}, {"name": "suite", "value": "database_test"}, {"name": "host", "value": "DESKTOP-UVLT28S"}, {"name": "thread", "value": "57204-MainThread"}, {"name": "framework", "value": "pytest"}, {"name": "language", "value": "cpython3"}, {"name": "package", "value": "Lesson_9.database_test"}]}